Determining if the pthread_create exist failed with the following output:
Change Dir: /home/robond/Documents/Project1/build/CMakeFiles/CMakeTmp

Run Build Command:"/usr/bin/make" "cmTC_1c002/fast"
/usr/bin/make -f CMakeFiles/cmTC_1c002.dir/build.make CMakeFiles/cmTC_1c002.dir/build
make[1]: Entering directory '/home/robond/Documents/Project1/build/CMakeFiles/CMakeTmp'
Building C object CMakeFiles/cmTC_1c002.dir/CheckSymbolExists.c.o
/usr/bin/cc     -o CMakeFiles/cmTC_1c002.dir/CheckSymbolExists.c.o   -c /home/robond/Documents/Project1/build/CMakeFiles/CMakeTmp/CheckSymbolExists.c
Linking C executable cmTC_1c002
/usr/bin/cmake -E cmake_link_script CMakeFiles/cmTC_1c002.dir/link.txt --verbose=1
/usr/bin/cc       CMakeFiles/cmTC_1c002.dir/CheckSymbolExists.c.o  -o cmTC_1c002 -rdynamic 
CMakeFiles/cmTC_1c002.dir/CheckSymbolExists.c.o: In function `main':
CheckSymbolExists.c:(.text+0x16): undefined reference to `pthread_create'
collect2: error: ld returned 1 exit status
CMakeFiles/cmTC_1c002.dir/build.make:97: recipe for target 'cmTC_1c002' failed
make[1]: *** [cmTC_1c002] Error 1
make[1]: Leaving directory '/home/robond/Documents/Project1/build/CMakeFiles/CMakeTmp'
Makefile:126: recipe for target 'cmTC_1c002/fast' failed
make: *** [cmTC_1c002/fast] Error 2

File /home/robond/Documents/Project1/build/CMakeFiles/CMakeTmp/CheckSymbolExists.c:
/* */
#include <pthread.h>

int main(int argc, char** argv)
{
  (void)argv;
#ifndef pthread_create
  return ((int*)(&pthread_create))[argc];
#else
  (void)argc;
  return 0;
#endif
}

Determining if the function pthread_create exists in the pthreads failed with the following output:
Change Dir: /home/robond/Documents/Project1/build/CMakeFiles/CMakeTmp

Run Build Command:"/usr/bin/make" "cmTC_db137/fast"
/usr/bin/make -f CMakeFiles/cmTC_db137.dir/build.make CMakeFiles/cmTC_db137.dir/build
make[1]: Entering directory '/home/robond/Documents/Project1/build/CMakeFiles/CMakeTmp'
Building C object CMakeFiles/cmTC_db137.dir/CheckFunctionExists.c.o
/usr/bin/cc    -DCHECK_FUNCTION_EXISTS=pthread_create   -o CMakeFiles/cmTC_db137.dir/CheckFunctionExists.c.o   -c /usr/share/cmake-3.5/Modules/CheckFunctionExists.c
Linking C executable cmTC_db137
/usr/bin/cmake -E cmake_link_script CMakeFiles/cmTC_db137.dir/link.txt --verbose=1
/usr/bin/cc   -DCHECK_FUNCTION_EXISTS=pthread_create    CMakeFiles/cmTC_db137.dir/CheckFunctionExists.c.o  -o cmTC_db137 -rdynamic -lpthreads 
/usr/bin/ld: cannot find -lpthreads
collect2: error: ld returned 1 exit status
CMakeFiles/cmTC_db137.dir/build.make:97: recipe for target 'cmTC_db137' failed
make[1]: *** [cmTC_db137] Error 1
make[1]: Leaving directory '/home/robond/Documents/Project1/build/CMakeFiles/CMakeTmp'
Makefile:126: recipe for target 'cmTC_db137/fast' failed
make: *** [cmTC_db137/fast] Error 2


